<algoritmo,2,1>
<borrar,3,1>
<cadena,4,1>
<caracter,5,1>
<como,6,1>
<con,7,1>
<de,8,1>
<definir,9,1>
<dimension,10,1>
<entero,11,1>
<entonces,12,1>
<escribir,13,1>
<esperar,14,1>
<falso,15,1>
<finalgoritmo,16,1>
<finfuncion,17,1>
<finmientras,18,1>
<finpara,19,1>
<finproceso,20,1>
<finsegun,21,1>
<finsi,22,1>
<finsubproceso,23,1>
<funcion,24,1>
<hacer,25,1>
<hasta,26,1>
<leer,27,1>
<limpiar,28,1>
<logico,29,1>
<mientras,30,1>
<milisegundos,31,1>
<token_mod,32,1>
<modo,33,1>
<token_neg,34,1>
<numerico,35,1>
<numero,36,1>
<token_o,37,1>
<otro,38,1>
<pantalla,39,1>
<para,40,1>
<paso,41,1>
<proceso,42,1>
<real,43,1>
<repetir,44,1>
<segun,45,1>
<segundos,46,1>
<si,47,1>
<sino,48,1>
<subproceso,49,1>
<tecla,50,1>
<texto,51,1>
<verdadero,52,1>
<token_y,53,1>
