<id,esto,1,1>
<id,es,1,6>
<id,un,1,9>
<id,caso,1,12>
<de,1,17>
<id,prueba,1,20>
<para,1,27>
<id,probar,1,32>
<id,la,2,1>
<id,formacion,2,4>
<de,2,25>
<id,los,2,28>
<id,identificadores,2,32>
<id,en,2,48>
<id,el,2,51>
<id,analizador,2,54>
<id,puede,3,1>
<id,que,3,7>
<id,en,3,11>
<id,las,3,14>
<id,palabras,3,18>
<id,anteriores,3,27>
<id,hayan,3,38>
<id,palabras,3,44>
<reservadas,3,53>
<token_coma,3,63>
<id,ello,3,65>
<token_neg,3,70>
<id,interesa,3,73>
<token_o,3,82>
<id,inlcusive,4,1>
<id,tokens,4,11>
<id,esto_es_un_identificador_valido,6,1>
<id,aunque,7,1>
<token_menos,7,7>
<id,esto,7,8>
<token_menos,7,12>
<token_neg,7,13>
<token_menos,7,15>
<id,es,7,16>
<token_menos,7,18>
<id,un,7,19>
<token_menos,7,21>
<id,identificador,7,22>
<token_menos,7,35>
<si,7,36>
<token_menos,7,38>
<id,es,7,39>
<token_menos,7,41>
<id,correcto,7,42>
<token_menos,7,50>
<id,lexicamente,7,51>
