<token_cadena,AddicTed,2,6>
<token_cadena,AddicTing,3,24>
<token_cadena,AddicTion,4,22>
<token_cadena,AddicTIons,5,14>
<token_cadena,AddicTive,6,28>
<token_cadena,AddicTively,7,5>
<token_cadena,AddicTiveness,8,25>
<token_cadena,AddicTives,9,18>
<token_cadena,AddicTs,10,20>
<token_cadena,Adding,11,27>
<token_cadena,ADdison,12,15>
<token_cadena,AddiTion,13,30>
<token_cadena,AddiTionAl,14,26>
<token_cadena,AddiTionAlly,15,5>
<token_cadena,AddiTions,16,3>
<token_cadena,AddiTive,17,29>
<token_cadena,AddiTives,18,24>
<token_cadena,Addle,19,6>
<token_cadena,Addled,20,10>
<token_cadena,Addles,21,29>
<token_cadena,AdDling,22,15>
<token_cadena,Address,23,1>
<token_cadena,AddressAbiliTy,24,1>
<token_cadena,AddressAble,25,29>
<token_cadena,Addressed,26,19>
<token_cadena,Addressee,27,16>
<token_cadena,Addressees,28,13>
<token_cadena,Addresser,29,18>
<token_cadena,Addressers,30,9>
<token_cadena,Addresses,31,12>
<token_cadena,Addressing,32,6>
<token_cadena,AddresT,33,15>
<token_cadena,Adds,34,27>
<token_cadena,Adduce,35,27>
<token_cadena,AdduceAble,36,28>
<token_cadena,Adduced,37,24>
<token_cadena,Adducers,38,1>
<token_cadena,AddUces,39,14>
<token_cadena,Adducing,40,3>
<token_cadena,AdducT,41,13>
<token_cadena,AdducTed,42,3>
<token_cadena,AdducTing,43,10>
<token_cadena,AdducTion,44,12>
<token_cadena,AdducTor,45,20>
<token_cadena,AdducTors,46,14>
<token_cadena,Adenine,47,6>
<token_cadena,Adenoid,48,19>
<token_cadena,AdenoidAl,49,29>
<token_cadena,AdenoidecTomy,50,11>
<token_cadena,Adenoidism,51,20>
<token_cadena,AdenoidiTis,52,28>
<token_cadena,Adenoids,53,26>
<token_cadena,Adenose,54,20>
<token_cadena,Adenosine,55,20>
<token_cadena,AdepT,56,16>
<token_cadena,AdepTer,57,30>
<token_cadena,AdepTesT,58,27>
<token_cadena,AdepTly,59,21>
<token_cadena,AdepTness,60,17>
<token_cadena,AdepTs,61,6>
<token_cadena,AdequAcies,62,2>
<token_cadena,AdequAcy,63,14>
<token_cadena,AdequATe,64,12>
<token_cadena,AdEquATely,65,28>
<token_cadena,AdequATeness,66,2>
<token_cadena,AdequATion,67,1>
<token_cadena,AdesTe,68,13>
<token_cadena,Adhere,69,25>
<token_cadena,Adhered,70,14>
<token_cadena,Adherence,71,16>
<token_cadena,AdherenT,72,7>
<token_cadena,AdherenTs,73,8>
<token_cadena,Adherer,74,25>
<token_cadena,Adherers,75,10>
<token_cadena,Adheres,76,28>
<token_cadena,Adhering,77,30>
<token_cadena,Adhesion,78,15>
<token_cadena,AdhesionAl,79,8>
<token_cadena,Adhesions,80,29>
<token_cadena,Adhesive,81,25>
<token_cadena,Adhesively,82,27>
<token_cadena,Adhesiveness,83,18>
<token_cadena,Adhesives,84,12>
<token_cadena,AdiAbATic,85,8>
<token_cadena,AdiAbATicAlly,86,7>
<token_cadena,AdiAThermAncy,87,28>
<token_cadena,Adieu,88,7>
<token_cadena,Adieus,89,3>
<token_cadena,Adieux,90,18>
<token_cadena,Adios,91,23>
<token_cadena,Adipose,92,8>
<token_cadena,Adiposeness,93,19>
<token_cadena,Adiposis,94,28>
<token_cadena,AdiposiTies,95,19>
<token_cadena,AdiposiTy,96,8>
<token_cadena,AdiT,97,29>
<token_cadena,AdiTs,98,19>
<token_cadena,Adj,99,20>
<token_cadena,AdjAcency,100,15>
<token_cadena,AdjAcenT,101,25>
<token_cadena,AdjAcenTly,102,27>
<token_cadena,AdjecTivAl,103,21>
<token_cadena,AdjecTivAlly,104,2>
<token_cadena,AdjecTive,105,13>
<token_cadena,AdjecTives,106,30>
<token_cadena,Adjoin,107,21>
<token_cadena,Adjoined,108,5>
<token_cadena,Adjoining,109,6>
<token_cadena,Adjoins,110,28>
<token_real,0.817528158784257,116,24>
<token_real,0.056123859416035,117,9>
<token_real,0.341300320865172,118,8>
<token_real,0.084863604762593,119,6>
<token_real,0.638094162049122,120,19>
<token_real,0.645434239791128,121,30>
<token_real,0.288374454304716,122,28>
<token_real,0.209328592491734,123,4>
<token_real,0.377001912855856,124,2>
<token_real,0.32273021335053,125,25>
<token_real,0.804011486529869,126,6>
<token_real,0.768539288746777,127,19>
<token_real,0.713426772868997,128,15>
<token_real,0.942686724782827,129,2>
<token_real,0.426976618152234,130,5>
<token_real,0.613435663374361,131,1>
<token_real,0.392039076170661,132,26>
<token_real,0.336505320574794,133,22>
<token_real,0.463084959282172,134,11>
<token_real,0.467132663905657,135,4>
<token_real,0.631321263350907,136,30>
<token_real,0.437066397881965,137,13>
<token_real,0.662035263708669,138,10>
<token_real,0.287183717252305,139,11>
<token_real,0.841017863469617,140,28>
<token_real,0.821424759487105,141,15>
<token_real,0.478030368991443,142,14>
<token_real,0.247019481011642,143,6>
<token_real,0.810795275663565,144,14>
<token_real,0.767166017345139,145,3>
<token_real,0.183314882737006,146,27>
<token_real,0.098141337562436,147,29>
<token_real,0.521523695964442,148,11>
<token_real,0.419735339163203,149,26>
<token_real,0.431874576349613,150,4>
<token_real,0.772909581689185,151,21>
<token_real,0.720600270253946,152,26>
<token_real,0.842434388772548,153,24>
<token_real,0.696053898204766,154,24>
<token_real,0.260587439869395,155,27>
<token_real,0.03859242147642,156,10>
<token_real,0.331747650116713,157,30>
<token_real,0.995486498517254,158,7>
<token_real,0.647830292111727,159,16>
<token_real,0.648256857204673,160,23>
<token_real,0.858236660046775,161,11>
<token_real,0.676510176174986,162,16>
<token_real,0.326327416553913,163,11>
<token_real,0.009450203717445,164,25>
<token_real,0.303634658089602,165,26>
<token_real,0.17022523207552,166,14>
<token_real,0.832986760244588,167,24>
<token_real,0.651570947056737,168,1>
<token_real,0.173820682874924,169,23>
<token_real,0.849422895938325,170,26>
<token_real,0.623251663363581,171,20>
<token_real,0.417428051581271,172,8>
<token_real,0.264301830872578,173,1>
<token_real,0.305701816103297,174,17>
<token_real,0.649512783959973,175,13>
<token_real,0.287348624926559,176,4>
<token_real,0.470878051896074,177,13>
<token_real,0.596547560053094,178,3>
<token_real,0.41936236426867,179,6>
<token_real,0.564827375026274,180,1>
<token_real,0.149600561321728,181,28>
<token_real,0.181592720523397,182,27>
<token_real,0.21641880324915,183,26>
<token_real,0.330240413088318,184,13>
<token_real,0.403956228369975,185,20>
<token_real,0.263464128486761,186,22>
<token_real,0.185375006487853,187,23>
<token_real,0.51833825823117,188,11>
<token_real,0.696931889397962,189,21>
<token_real,0.654637597607621,190,8>
<token_real,0.895440941160387,191,4>
<token_real,0.574903226582593,192,1>
<token_real,0.812083872873057,193,24>
<token_real,0.341899491450024,194,6>
<token_real,0.675076794027929,195,25>
<token_real,0.687913738060765,196,11>
<token_real,0.16335805992928,197,19>
<token_real,0.615637253607254,198,10>
<token_real,0.099308148612428,199,3>
<token_real,0.149421591209799,200,4>
<token_real,0.79899750699778,201,28>
<token_real,0.071261697153428,202,23>
<token_real,0.848271921556592,203,3>
<token_real,0.389653305269609,204,28>
<token_real,0.334864216161622,205,1>
<token_real,0.235327495409669,206,7>
<token_real,0.53186107903903,207,1>
<token_real,0.004699080514605,208,6>
<token_real,0.009812996047126,209,9>
<token_real,0.771553939417857,210,29>
<token_real,0.176382454895133,211,6>
<token_real,0.241017558014323,212,6>
<token_real,0.396124603453071,213,25>
<token_entero,6688049,214,29>
<token_entero,3078988,215,23>
<token_entero,2693291,216,18>
<token_entero,1151957,217,21>
<token_entero,6102262,218,3>
<token_entero,9634067,219,27>
<token_entero,7495558,220,28>
<token_entero,8980404,221,6>
<token_entero,917643,222,6>
<token_entero,7347166,223,4>
<token_entero,988590,224,29>
<token_entero,6662541,225,16>
<token_entero,4837044,226,30>
<token_entero,8524013,227,29>
<token_entero,6794899,228,18>
<token_entero,8078547,229,8>
<token_entero,4658812,230,13>
<token_entero,1631650,231,1>
<token_entero,9206626,232,4>
<token_entero,5340721,233,14>
<token_entero,4194107,234,21>
<token_entero,7762777,235,6>
<token_entero,1560508,236,7>
<token_entero,7633416,237,20>
<token_entero,8845980,238,22>
<token_entero,4568751,239,7>
<token_entero,4060965,240,10>
<token_entero,4612919,241,30>
<token_entero,3428351,242,15>
<token_entero,9676946,243,30>
<token_entero,1071926,244,12>
<token_entero,15269,245,14>
<token_entero,9601664,246,22>
<token_entero,2031722,247,30>
<token_entero,9724023,248,26>
<token_entero,3456028,249,24>
<token_entero,7722333,250,18>
<token_entero,5885536,251,23>
<token_entero,7525240,252,21>
<token_entero,842438,253,24>
<token_entero,7873679,254,26>
<token_entero,483812,255,20>
<token_entero,7338744,256,1>
<token_entero,7216088,257,17>
<token_entero,7764955,258,18>
<token_entero,5758241,259,11>
<token_entero,7257821,260,25>
<token_entero,3940719,261,22>
<token_entero,7499050,262,3>
<token_entero,3884123,263,20>
<token_entero,587121,264,28>
<token_entero,5841559,265,15>
<token_entero,4240743,266,17>
<token_entero,8495093,267,4>
<token_entero,4592127,268,27>
<token_entero,3182928,269,8>
<token_entero,5457673,270,10>
<token_entero,3064552,271,6>
<token_entero,3833233,272,30>
<token_entero,4048656,273,25>
<token_entero,5506744,274,27>
<token_entero,6068349,275,11>
<token_entero,6100624,276,30>
<token_entero,7840578,277,18>
<token_entero,5377827,278,2>
<token_entero,3486707,279,17>
<token_entero,5552071,280,3>
<token_entero,7759515,281,20>
<token_entero,2173273,282,9>
<token_entero,712871,283,23>
<token_entero,4889412,284,5>
<token_entero,2014945,285,27>
<token_entero,9102663,286,12>
<token_entero,9195925,287,27>
<token_entero,2687601,288,5>
<token_entero,7806020,289,22>
<token_entero,4030415,290,7>
<token_entero,836663,291,21>
<token_entero,328862,292,5>
<token_entero,428066,293,2>
<token_entero,3732821,294,10>
<token_entero,5849849,295,2>
<token_entero,5068972,296,16>
<token_entero,9208995,297,26>
<token_entero,1347205,298,6>
<token_entero,9688848,299,12>
<token_entero,220710,300,26>
<token_entero,9616550,301,7>
<token_entero,7697020,302,9>
<token_entero,3643274,303,17>
<token_entero,3340560,304,1>
<token_entero,9170223,305,5>
<token_entero,3182657,306,27>
<token_entero,535417,307,22>
<token_entero,1863267,308,14>
<token_entero,8437003,309,21>
<token_entero,6934106,310,8>
<token_entero,398436,311,16>
<token_entero,217320,312,2>
<token_entero,813200,313,9>
<token_entero,3136056,314,9>
<token_entero,6934815,315,6>
<token_entero,1598216,316,27>
<token_entero,3465350,317,12>
<token_entero,9551698,318,2>
<token_entero,4093379,319,1>
<token_entero,4464052,320,25>
<token_entero,3933582,321,1>
<token_entero,6710247,322,14>
<token_entero,6692547,323,30>
<token_entero,747741,324,24>
<token_entero,7144350,325,23>
<token_entero,2579122,326,1>
<token_entero,9619368,327,9>
<token_entero,5625326,328,11>
<token_entero,8252126,329,28>
<token_entero,811408,330,13>
<token_entero,9298576,331,28>
<token_entero,6535025,332,5>
<token_entero,5802825,333,21>
<token_entero,4773153,334,14>
<token_entero,3659552,335,27>
<token_entero,7381726,336,18>
<token_entero,767805,337,2>
<token_entero,5247,338,19>
<token_entero,2082553,339,23>
<token_entero,7089591,340,22>
<token_entero,3264957,341,18>
<token_entero,371678,342,9>
<token_entero,3279094,343,23>
<token_entero,4637139,344,26>
<token_entero,249854,345,17>
<token_entero,5301949,346,20>
<token_entero,8819634,347,22>
<token_entero,2075869,348,20>
<token_entero,3232146,349,14>
<token_entero,2193813,350,15>
<token_entero,6154203,351,15>
<token_entero,7284201,352,14>
<token_entero,1632660,353,28>
<token_entero,3819921,354,6>
<token_entero,4476619,355,7>
<token_entero,1430617,356,12>
<token_entero,7107245,357,28>
<token_entero,6401030,358,7>
<token_entero,8146494,359,14>
<token_entero,6785436,360,26>
<token_entero,8400697,361,11>
<token_entero,6418751,362,11>
<token_entero,7899017,363,22>
<token_entero,3081112,364,2>
<token_entero,4732587,365,16>
<token_entero,1305811,366,18>
<token_entero,7974445,367,11>
<token_entero,5460605,368,18>
<token_entero,4236052,369,28>
<token_entero,9545943,370,3>
<token_entero,5452104,371,1>
<token_entero,9154987,372,16>
<token_entero,322290,373,3>
<token_entero,5406553,374,24>
<token_entero,4781227,375,3>
<token_entero,5205603,376,11>
<token_entero,7545750,377,13>
<token_entero,1042062,378,17>
<token_entero,2548220,379,1>
<token_entero,2241333,380,26>
<token_entero,5916682,381,23>
<token_entero,1544627,382,7>
<token_entero,6720078,383,1>
<token_entero,335414,384,20>
<token_entero,9441020,385,12>
<token_entero,5468649,386,29>
<token_entero,1925133,387,23>
<token_entero,9789981,388,9>
<token_entero,9113960,389,28>
<token_entero,7854412,390,7>
<token_entero,4884881,391,4>
<token_entero,6230321,392,8>
<token_entero,3411761,393,9>
<token_entero,5440565,394,17>
<token_entero,5362795,395,1>
<token_entero,8536343,396,17>
<token_entero,2473677,397,5>
<token_entero,4503065,398,11>
<token_entero,5360913,399,4>
<token_entero,9610339,400,24>
<token_entero,6785501,401,6>
<token_entero,566650,402,26>
<token_entero,8541073,403,9>
<token_entero,7366958,404,8>
<token_entero,4673136,405,11>
<token_entero,9626721,406,4>
<token_entero,1181358,407,19>
<token_entero,6178152,408,24>
<token_entero,3508877,409,20>
<token_entero,722043,410,11>
<token_entero,8720925,411,11>
<token_entero,4419743,412,12>
<token_entero,2878386,413,17>
<token_entero,4957734,414,4>
<token_entero,1367656,415,23>
<token_entero,3800009,416,28>
<token_entero,7668172,417,24>
<token_entero,4884249,418,15>
<token_entero,5815935,419,6>
<token_entero,2135683,420,21>
<token_entero,4735645,421,13>
<token_entero,25642,422,2>
<token_entero,1661394,423,21>
<token_entero,4438267,424,22>
<token_entero,7801908,425,18>
<token_entero,373281,426,21>
<token_entero,2017861,427,8>
<token_entero,6814867,428,14>
<token_entero,5746604,429,24>
<token_entero,9517555,430,3>
<token_entero,587739,431,8>
<token_entero,2590870,432,21>
<token_entero,6138006,433,20>
<token_entero,8384178,434,8>
<token_entero,9295679,435,28>
<token_entero,4794991,436,1>
<token_entero,2659985,437,11>
<token_entero,6305763,438,8>
<token_entero,9473203,439,16>
<token_entero,3698311,440,22>
<token_entero,8826340,441,18>
<token_entero,8411436,442,26>
<token_entero,424560,443,3>
<token_entero,3902341,444,4>
<token_entero,5070196,445,21>
<token_entero,1668332,446,17>
<token_entero,9093158,447,23>
<token_entero,1163998,448,15>
<token_entero,2919647,449,24>
<token_entero,836122,450,21>
<token_entero,6735900,451,27>
<token_entero,5331475,452,6>
<token_entero,1136889,453,22>
<token_entero,3781507,454,17>
<token_entero,7396649,455,19>
<token_entero,2958475,456,1>
<token_entero,7647495,457,8>
<token_entero,62635,458,18>
<token_entero,8916930,459,7>
<token_entero,8481145,460,23>
<token_entero,2988106,461,20>
<token_entero,4666238,462,14>
<token_entero,1671268,463,13>
<token_entero,8662352,464,10>
<token_entero,8241935,465,21>
<token_entero,5853746,466,2>
<token_entero,8991205,467,2>
<token_entero,9446174,468,24>
<token_entero,6841851,469,10>
<token_entero,8103437,470,17>
<token_entero,5763650,471,15>
<token_entero,4768806,472,19>
<token_entero,9907580,473,12>
<token_entero,5415099,474,10>
<token_entero,5614815,475,15>
<token_entero,5088824,476,25>
<token_entero,5283088,477,18>
<token_entero,5409861,478,7>
<token_entero,7065830,479,9>
<token_entero,800492,480,11>
<token_entero,2864080,481,27>
<token_entero,1249286,482,27>
<token_entero,4517619,483,17>
<token_entero,2572149,484,10>
<token_entero,1435747,485,14>
<token_entero,4933608,486,27>
<token_entero,5039264,487,3>
<token_entero,2026904,488,13>
<token_entero,564541,489,15>
<token_entero,1076609,490,9>
<token_entero,9328929,491,5>
<token_entero,7912003,492,26>
<token_entero,3047292,493,14>
<token_entero,1644605,494,9>
<token_entero,9172022,495,27>
<token_entero,111144,496,26>
<token_entero,1711973,497,10>
<token_entero,2672083,498,28>
<token_entero,2250082,499,19>
<token_entero,7859028,500,11>
<token_entero,5281821,501,14>
<token_entero,4841301,502,26>
<token_entero,3032943,503,30>
<token_entero,4155252,504,18>
<token_entero,2278794,505,27>
<token_entero,9681484,506,14>
<token_entero,2408698,507,12>
<token_entero,9362811,508,14>
<token_entero,962929,509,20>
<token_entero,3157887,510,12>
<token_entero,1308353,511,25>
<token_entero,9902354,512,9>
<token_entero,4999751,513,8>
<token_entero,9467213,514,3>
<token_entero,9956552,515,18>
<token_entero,9143711,516,13>
<token_entero,4649291,517,29>
<token_entero,122551,518,12>
<token_entero,2741515,519,25>
<token_entero,1095828,520,5>
<token_entero,4435429,521,20>
<token_entero,9041814,522,21>
<token_entero,698691,523,1>
<token_entero,824385,524,3>
<token_entero,4978423,525,29>
<token_entero,1967593,526,27>
<token_entero,1627877,527,21>
<token_entero,9547872,528,1>
<token_entero,5456628,529,25>
<token_entero,3600298,530,1>
<token_entero,5973024,531,11>
<token_entero,7635590,532,8>
<token_entero,3383138,533,26>
<token_entero,4370156,534,10>
<token_entero,5592604,535,25>
<token_entero,5101850,536,22>
<token_entero,387826,537,23>
<token_entero,2235065,538,28>
<token_entero,2015642,539,28>
<token_entero,4226447,540,5>
<token_entero,3461839,541,9>
<token_entero,2796942,542,22>
<token_entero,4483495,543,13>
<token_entero,4593667,544,9>
<token_entero,389205,545,16>
<token_entero,1373852,546,22>
<token_entero,8184469,547,21>
<token_entero,2129665,548,6>
<token_entero,8931182,549,4>
<token_entero,9340401,550,16>
<token_entero,9253057,551,11>
<token_entero,9502842,552,15>
<token_entero,7197844,553,28>
<token_entero,1752882,554,11>
<token_entero,2347894,555,10>
<token_entero,4947506,556,27>
<token_entero,3349793,557,7>
<token_entero,9335159,558,30>
<token_entero,7356399,559,27>
<token_entero,3957907,560,23>
<token_entero,2481159,561,30>
<token_entero,9026188,562,29>
<token_entero,1295524,563,1>
<token_entero,3705236,564,18>
<token_entero,9160609,565,9>
<token_entero,3768660,566,17>
<token_entero,1344793,567,9>
<token_entero,9390198,568,23>
<token_entero,6765178,569,7>
<token_entero,4966376,570,6>
<token_entero,4087459,571,27>
<token_entero,1581992,572,15>
<token_entero,9196067,573,19>
<token_entero,9867812,574,9>
<token_entero,7380336,575,23>
<token_entero,6703507,576,4>
<token_entero,4617615,577,23>
<token_entero,7148532,578,14>
<token_entero,5193050,579,2>
<token_entero,4036349,580,26>
<token_entero,6982483,581,21>
<token_entero,5489798,582,12>
<token_entero,9363297,583,10>
<token_entero,2331547,584,18>
<token_entero,8419959,585,22>
<token_entero,9363917,586,11>
<token_entero,8584439,587,6>
<token_entero,3966253,588,20>
<token_real,1.1042883,589,10>
<token_entero,14272,590,24>
<token_entero,2298648,591,13>
<token_entero,269169,592,2>
<token_entero,5711997,593,23>
<token_entero,4200564,594,5>
<token_entero,4973035,595,19>
<token_entero,1476913,596,1>
<token_entero,3439048,597,13>
<token_entero,4826080,598,19>
<token_entero,4886424,599,23>
<token_entero,9461429,600,19>
<token_entero,3715548,601,25>
<token_entero,6851329,602,12>
<token_entero,1585110,603,4>
<token_entero,5336978,604,5>
<token_entero,2780735,605,12>
<token_entero,9341122,606,18>
<token_entero,3828367,607,1>
<token_entero,1012512,608,4>
<token_entero,2767448,609,23>
<token_entero,2074460,610,2>
<token_entero,6514944,611,21>
<token_entero,5459083,612,13>
<token_entero,8235375,613,13>
<token_entero,1036454,614,23>
<token_entero,5871742,615,23>
<token_entero,3863543,616,26>
<token_entero,4500464,617,3>
<token_entero,7117422,618,28>
<token_entero,2439632,619,15>
<token_entero,4762884,620,5>
<token_entero,3689845,621,22>
<token_entero,2128197,622,27>
<token_entero,5191933,623,6>
<token_entero,7063742,624,6>
<token_entero,9439217,625,1>
<token_entero,7569814,626,24>
<token_entero,8600151,627,28>
<token_entero,4286167,628,6>
<token_entero,1540644,629,12>
<token_entero,1486156,630,12>
<token_entero,8369328,631,24>
<token_entero,1899193,632,28>
<token_entero,9292789,633,23>
<token_entero,9194347,634,19>
<token_entero,3186414,635,25>
<token_entero,7157731,636,5>
<token_entero,2445111,637,7>
<token_entero,6566453,638,25>
<token_entero,8607430,639,30>
<token_entero,7410637,640,29>
<token_entero,2694827,641,18>
<token_entero,8512053,642,21>
<token_entero,3523720,643,4>
<token_entero,7267214,644,30>
<token_entero,3718361,645,13>
<token_entero,4574367,646,18>
<token_entero,374305,647,17>
<token_entero,8276909,648,7>
<token_entero,8060686,649,15>
<token_entero,462024,650,1>
<token_entero,9419709,651,11>
<token_entero,9271010,652,28>
<token_entero,4011542,653,28>
<token_entero,7361518,654,8>
<token_entero,9686888,655,3>
<token_entero,3605543,656,20>
<token_entero,4330460,657,1>
<token_entero,4137199,658,30>
<token_entero,4125105,659,25>
<token_entero,6646373,660,5>
<token_entero,1852754,661,12>
<token_entero,4426084,662,11>
<token_entero,5942560,663,24>
<token_entero,9152529,664,26>
<token_entero,9184243,665,29>
<token_entero,6469630,666,18>
<token_entero,8281744,667,22>
<token_entero,8765531,668,27>
<token_entero,3982384,669,12>
<token_entero,3388698,670,22>
<token_entero,9481337,671,18>
<token_real,5912583.121212,672,21>
<token_entero,2100533,673,12>
<token_entero,2160947,674,21>
<token_entero,4496495,675,12>
<token_entero,6046170,676,16>
<token_entero,4018859,677,8>
<token_entero,2002778,678,28>
<token_entero,6549770,679,14>
<token_entero,9275739,680,14>
<token_entero,8228257,681,29>
<token_entero,1499571,682,25>
<token_entero,1543145,683,4>
<token_entero,3334784,684,18>
<token_entero,9800384,685,2>
<token_entero,9158393,686,28>
<token_entero,6154364,687,7>
<token_entero,2610536,688,25>
<token_entero,9601563,689,20>
<token_entero,2456167,690,24>
<token_entero,3365804,691,29>
<token_entero,1437078,692,23>
<token_entero,2738736,693,26>
<token_entero,605168,694,14>
<token_entero,1107878,695,18>
<token_entero,3398734,696,24>
<token_entero,1797169,697,2>
<token_entero,4286716,698,10>
<token_entero,6045635,699,21>
<token_entero,8303451,700,5>
<token_entero,4541895,701,1>
<token_entero,5704862,702,30>
<token_entero,7151863,703,26>
<token_entero,4354313,704,4>
<token_real,0.622740457086877,705,1>
<token_real,0.844182776176841,706,19>
<token_real,0.918197562287592,707,6>
<token_real,0.66945913480856,708,14>
<token_real,0.522079834502044,709,3>
<token_real,0.560860750471875,710,17>
<token_real,0.01623892837178,711,4>
<token_real,0.218487552294276,712,10>
<token_real,0.08187142217972,713,12>
<token_real,0.793253356867657,714,27>
<token_real,0.257402529078506,715,3>
<token_real,0.080698863321741,716,17>
<token_real,0.335185539577549,717,13>
<token_real,0.104194540775832,718,6>
<token_real,0.038822116273312,719,27>
<token_real,0.411096354589465,720,15>
<token_real,0.520253622299694,721,8>
<token_real,0.800740407623592,722,22>
<token_real,0.680494800529308,723,4>
<token_real,0.948405071539957,724,22>
<token_real,0.141404364755352,725,24>
<token_real,0.578779638278396,726,1>
<token_real,0.466803563247341,727,23>
<token_real,0.188459796417199,728,30>
<token_real,0.260232122826954,729,24>
<token_real,0.826613584667716,730,28>
<token_real,0.411062678221057,731,30>
<token_real,0.211537519854096,732,22>
<token_real,0.225456887369661,733,3>
<token_real,0.075600907886322,734,28>
<token_real,0.628725559493313,735,8>
<token_real,0.096130187896657,736,25>
<token_real,0.957245161219756,737,8>
<token_real,0.007092029675913,738,13>
<token_real,0.993279162497641,739,30>
<token_real,0.949154540324489,740,10>
<token_real,0.080840554318819,741,21>
<token_real,0.525686627138576,742,26>
<token_real,0.862971926931056,743,19>
<token_real,0.673870312972592,744,2>
<token_real,0.025551570830153,745,14>
<token_real,0.943030441440413,746,14>
<token_real,0.27885955354703,747,10>
<token_real,0.264420498990592,748,26>
<token_real,0.186999962644373,749,19>
<token_real,0.603681292912482,750,7>
<token_real,0.364952297320468,751,2>
<token_real,0.194276669412135,752,18>
<token_real,0.357735923388025,753,28>
<token_real,0.336714732218068,754,5>
<token_real,0.083439551789635,755,2>
<token_real,0.688036272336819,756,14>
<token_real,0.825737375018849,757,28>
<token_real,0.890264634363404,758,24>
<token_real,0.524174268610489,759,5>
<token_real,0.391067978775732,760,13>
<token_real,0.939454385916102,761,13>
<token_real,0.553673459987453,762,5>
<token_real,0.164239342136183,763,26>
<token_real,0.094466711436299,764,7>
<token_real,0.152993743200261,765,2>
<token_real,0.518429377065631,766,3>
<token_real,0.923528209945885,767,23>
<token_real,0.8771204985199,768,9>
<token_real,0.230457714055958,769,7>
<token_real,0.942849598982012,770,22>
<token_real,0.751691289138798,771,18>
<token_real,0.248948927693533,772,28>
<token_real,0.439486116450711,773,9>
<token_real,0.801593544359707,774,28>
<token_real,0.822429593999666,775,21>
<token_real,0.059901324238479,776,22>
<token_real,0.612860257537791,777,11>
<token_real,0.278526772137405,778,1>
<token_real,0.125389582749723,779,10>
<token_real,0.508530501911505,780,21>
<token_real,0.457954916350111,781,29>
<token_real,0.315679024838128,782,3>
<token_real,0.443148420956592,783,9>
<token_real,0.269367457275494,784,18>
<token_real,0.460892184751943,785,8>
<token_real,0.927053213190236,786,10>
<token_real,0.811452495420206,787,23>
<token_real,0.756791368009414,788,27>
<token_real,0.851763656059595,789,25>
<token_real,0.207407122873315,790,28>
<token_real,0.273659046207705,791,1>
<token_real,0.633073657659837,792,29>
<token_real,0.628708073054876,793,24>
<token_real,0.740093352190669,794,26>
<token_real,0.601012965869951,795,5>
