<proceso,2,1>
<id,mi_proceso,2,9>
<definir,3,5>
<id,a,3,13>
<como,3,15>
<real,3,20>
<token_pyc,3,24>
<id,a,4,5>
<token_asig,4,6>
<token_par_izq,4,8>
<token_entero,12,4,9>
<token_mul,4,11>
<token_entero,3,4,12>
<token_div,4,13>
<token_real,3.2,4,14>
<token_par_der,4,17>
<token_div,4,18>
<token_entero,2,4,19>
<token_mul,4,20>
<token_entero,6,4,21>
<token_mas,4,22>
<token_par_izq,4,23>
<token_entero,12223,4,24>
<token_mod,4,29>
<token_entero,212,4,30>
<token_par_der,4,33>
<token_mul,4,34>
<token_entero,12,4,35>
<token_menos,4,37>
<token_entero,1,4,38>
<token_pyc,4,39>
<id,a,5,5>
<token_asig,5,6>
<id,a,5,8>
<token_div,5,9>
<token_entero,2,5,10>
<token_mul,5,11>
<token_entero,56,5,12>
<token_menos,5,14>
<token_entero,12,5,15>
<token_pyc,5,17>
<id,a,6,5>
<token_asig,6,6>
<id,a,6,8>
<token_menos,6,9>
<id,a,6,10>
<token_mul,6,11>
<token_entero,2,6,12>
<token_menos,6,13>
<id,a,6,14>
<token_mul,6,15>
<token_entero,3,6,16>
<token_menos,6,17>
<id,a,6,18>
<token_mul,6,19>
<token_entero,5,6,20>
<token_pyc,6,21>
<id,a,7,5>
<token_asig,7,6>
<token_entero,12,7,8>
<token_mul,7,10>
<token_entero,14,7,11>
<token_menos,7,13>
<token_entero,54,7,14>
<token_mul,7,16>
<id,a,7,17>
<token_pyc,7,18>
<escribir,8,5>
<id,a,8,14>
<token_pyc,8,15>
<finproceso,9,1>
