<proceso,1,1>
<id,mi_proceso,1,9>
<definir,3,5>
<id,arreglo,3,13>
<como,3,21>
<numero,3,26>
<token_pyc,3,32>
<dimension,6,5>
<id,arreglo,6,15>
<token_cor_izq,6,22>
<token_entero,100,6,23>
<token_coma,6,26>
<token_entero,100,6,27>
<token_cor_der,6,30>
<token_pyc,6,31>
<id,arreglo,8,5>
<token_cor_izq,8,12>
<token_entero,0,8,13>
<token_coma,8,14>
<token_entero,0,8,15>
<token_cor_der,8,16>
<token_asig,8,18>
<token_real,23.2112,8,21>
<token_mul,8,28>
<token_entero,212,8,29>
<token_pyc,8,32>
<escribir,9,5>
<id,arreglo,9,14>
<token_cor_izq,9,21>
<token_entero,0,9,22>
<token_coma,9,23>
<token_entero,0,9,24>
<token_cor_der,9,25>
<token_pyc,9,26>
<finproceso,10,1>
