<proceso,1,1>
<id,mi_algoritmo,1,9>
<definir,2,5>
<id,a,2,13>
<como,2,15>
<entero,2,20>
<token_pyc,2,26>
<id,a,3,5>
<token_asig,3,7>
<token_menos,3,9>
<token_entero,101,3,10>
<token_pyc,3,13>
<definir,5,5>
<id,b,5,13>
<como,5,15>
<logico,5,20>
<token_pyc,5,26>
<id,b,7,5>
<token_asig,7,7>
<id,a,7,10>
<token_menor,7,12>
<token_menos,7,14>
<token_entero,100,7,15>
<token_pyc,7,18>
<id,a,8,5>
<token_asig,8,6>
<token_menos,8,8>
<id,a,8,9>
<token_pyc,8,10>
<id,b,9,5>
<token_asig,9,7>
<id,a,9,10>
<token_menor,9,11>
<token_menos,9,13>
<id,a,9,14>
<token_pyc,9,15>
<escribir,11,5>
<id,b,11,14>
<token_pyc,11,15>
<escribir,12,5>
<id,a,12,14>
<token_pyc,12,15>
<finproceso,13,1>
