<proceso,1,1>
<id,sin_titulo,1,9>
<definir,2,2>
<id,i,2,10>
<token_coma,2,11>
<id,j,2,12>
<como,2,14>
<entero,2,19>
<token_pyc,2,25>
<definir,3,2>
<id,esprimo,3,10>
<como,3,18>
<logico,3,23>
<token_pyc,3,29>
<para,4,2>
<id,i,4,7>
<token_asig,4,8>
<token_entero,0,4,10>
<hasta,4,12>
<token_entero,10,4,18>
<con,4,21>
<paso,4,25>
<token_entero,1,4,30>
<hacer,4,32>
<si,5,3>
<id,i,5,6>
<token_mod,5,8>
<token_entero,2,5,12>
<token_igual,5,14>
<token_entero,1,5,16>
<entonces,5,18>
<escribir,6,4>
<id,i,6,13>
<token_coma,6,14>
<token_cadena, ES IMPAR,6,15>
<token_pyc,6,26>
<sino,7,3>
<escribir,8,4>
<id,i,8,13>
<token_coma,8,14>
<token_cadena, ES PAR,8,15>
<token_pyc,8,24>
<finsi,9,3>
<finpara,10,2>
<para,12,2>
<id,i,12,7>
<token_asig,12,8>
<token_entero,2,12,10>
<hasta,12,12>
<token_entero,100,12,18>
<con,12,22>
<paso,12,26>
<token_entero,1,12,31>
<hacer,12,33>
<id,esprimo,13,3>
<token_asig,13,11>
<verdadero,13,14>
<token_pyc,13,23>
<id,j,14,3>
<token_asig,14,4>
<token_entero,2,14,6>
<token_pyc,14,7>
<mientras,15,3>
<id,j,15,12>
<token_mul,15,13>
<id,j,15,14>
<token_menor_igual,15,15>
<id,i,15,17>
<hacer,15,19>
<si,16,4>
<id,i,16,7>
<token_mod,16,9>
<id,j,16,13>
<token_igual,16,15>
<token_entero,0,16,17>
<entonces,16,19>
<id,esprimo,17,5>
<token_asig,17,13>
<falso,17,16>
<token_pyc,17,21>
<finsi,18,4>
<id,j,19,4>
<token_asig,19,6>
<id,j,19,9>
<token_mas,19,10>
<token_entero,1,19,11>
<token_pyc,19,12>
<finmientras,20,3>
<si,22,3>
<id,esprimo,22,6>
<entonces,22,14>
<escribir,23,4>
<id,i,23,13>
<token_coma,23,14>
<token_cadena, ES PRIMO,23,15>
<token_pyc,23,26>
<finsi,24,3>
<finpara,25,2>
<finproceso,27,1>
