<proceso,1,1>
<id,miproceso,1,9>
<definir,2,5>
<id,a,2,13>
<token_coma,2,14>
<id,b,2,15>
<token_coma,2,16>
<id,c,2,17>
<token_coma,2,18>
<id,d,2,19>
<token_coma,2,20>
<id,e,2,21>
<token_coma,2,22>
<id,f,2,23>
<token_coma,2,24>
<id,g,2,25>
<token_coma,2,26>
<id,h,2,27>
<token_coma,2,28>
<id,i,2,29>
<token_coma,2,30>
<id,j,2,31>
<token_coma,2,32>
<id,k,2,33>
<como,2,35>
<real,2,40>
<token_pyc,2,44>
<escribir,3,5>
<id,a,3,14>
<token_coma,3,15>
<id,b,3,16>
<token_coma,3,17>
<id,c,3,18>
<token_coma,3,19>
<id,d,3,20>
<token_coma,3,21>
<id,e,3,22>
<token_pyc,3,23>
<id,a,4,5>
<token_asig,4,7>
<id,b,4,10>
<token_mul,4,11>
<id,c,4,12>
<token_menos,4,13>
<token_entero,2,4,14>
<token_mul,4,15>
<id,d,4,16>
<token_pyc,4,17>
<id,d,5,5>
<token_asig,5,7>
<id,a,5,10>
<token_mul,5,11>
<token_entero,3,5,12>
<token_menos,5,13>
<token_entero,4,5,14>
<token_mul,5,15>
<id,c,5,16>
<token_pyc,5,17>
<leer,6,5>
<id,a,6,10>
<token_coma,6,11>
<id,b,6,12>
<token_coma,6,13>
<id,c,6,14>
<token_coma,6,15>
<id,e,6,16>
<token_coma,6,17>
<id,g,6,18>
<token_pyc,6,19>
<id,a,7,5>
<id,b,7,7>
<id,c,7,9>
<id,d,7,11>
<id,e,7,13>
<id,f,7,15>
<id,g,7,17>
<id,h,7,19>
<id,i,7,21>
<id,j,7,23>
<id,a,8,5>
<token_pyc,8,6>
<id,b,8,7>
<token_pyc,8,8>
<id,c,8,9>
<token_pyc,8,10>
<id,d,8,11>
<token_pyc,8,12>
<id,e,8,13>
<token_pyc,8,14>
<id,g,8,15>
<id,e,9,5>
<token_mas,9,6>
<id,b,9,7>
<token_mas,9,8>
<id,c,9,9>
<token_mas,9,10>
<id,e,9,11>
<token_mas,9,12>
<id,d,9,13>
<token_mas,9,14>
<id,a,9,15>
<token_mas,9,16>
<id,s,9,17>
<token_mas,9,18>
<id,a,9,19>
<token_mas,9,20>
<token_pyc,9,21>
<finproceso,10,1>
