<subproceso,1,1>
<id,z,1,12>
<token_asig,1,14>
<id,f,1,17>
<token_par_izq,1,19>
<id,x,1,21>
<token_par_der,1,23>
<definir,2,5>
<id,z,2,13>
<como,2,15>
<real,2,20>
<token_pyc,2,24>
<id,z,3,5>
<token_asig,3,7>
<id,x,3,10>
<token_pot,3,11>
<token_entero,4,3,12>
<token_menos,3,14>
<token_entero,11,3,16>
<token_mul,3,18>
<id,x,3,19>
<token_pot,3,20>
<token_entero,2,3,21>
<token_mas,3,23>
<id,x,3,25>
<token_menos,3,27>
<token_entero,100,3,29>
<token_pyc,3,32>
<finsubproceso,4,1>
<proceso,6,1>
<id,bolzano,6,9>
<definir,8,5>
<id,izq,8,13>
<token_coma,8,16>
<id,der,8,17>
<token_coma,8,20>
<id,med,8,21>
<token_coma,8,24>
<id,eps,8,25>
<como,8,29>
<real,8,34>
<token_pyc,8,38>
<id,izq,10,5>
<token_asig,10,9>
<token_menos,10,12>
<token_entero,100,10,13>
<token_pyc,10,16>
<id,der,11,5>
<token_asig,11,9>
<token_entero,0,11,12>
<token_pyc,11,13>
<id,eps,12,5>
<token_asig,12,9>
<token_real,0.00000001,12,12>
<token_pyc,12,22>
<mientras,14,5>
<id,der,14,14>
<token_menos,14,17>
<id,izq,14,18>
<token_mayor,14,22>
<id,eps,14,24>
<hacer,14,28>
<id,med,16,9>
<token_asig,16,13>
<token_par_izq,16,16>
<id,izq,16,17>
<token_mas,16,20>
<id,der,16,21>
<token_par_der,16,24>
<token_div,16,25>
<token_entero,2,16,26>
<token_pyc,16,27>
<si,18,9>
<id,f,18,12>
<token_par_izq,18,13>
<id,med,18,14>
<token_par_der,18,17>
<token_mul,18,18>
<id,f,18,19>
<token_par_izq,18,20>
<id,der,18,21>
<token_par_der,18,24>
<token_menor,18,26>
<token_entero,0,18,28>
<entonces,18,30>
<id,izq,19,13>
<token_asig,19,17>
<id,med,19,20>
<token_pyc,19,23>
<sino,20,9>
<id,der,21,13>
<token_asig,21,17>
<id,med,21,20>
<token_pyc,21,23>
<finsi,22,9>
<finmientras,24,5>
<escribir,26,5>
<token_cadena,Una raiz de la funcion está en: ,26,14>
<token_coma,26,49>
<id,med,26,50>
<token_pyc,26,53>
<finproceso,28,1>
