<proceso,4,1>
<id,promedio,4,9>
<definir,6,2>
<id,i,6,10>
<token_coma,6,11>
<id,n,6,12>
<como,6,14>
<entero,6,19>
<token_pyc,6,25>
<definir,7,2>
<id,acum,7,10>
<token_coma,7,14>
<id,dato,7,15>
<token_coma,7,19>
<id,prom,7,20>
<como,7,25>
<id,reales,7,30>
<token_pyc,7,36>
<escribir,8,2>
<token_cadena,Ingrese la cantidad de datos:,8,11>
<token_pyc,8,42>
<leer,9,2>
<id,n,9,7>
<token_pyc,9,8>
<id,acum,11,2>
<token_asig,11,6>
<token_entero,0,11,8>
<token_pyc,11,9>
<para,13,2>
<id,i,13,7>
<token_asig,13,8>
<token_entero,1,13,10>
<hasta,13,12>
<id,n,13,18>
<hacer,13,20>
<escribir,14,3>
<token_cadena,Ingrese el dato ,14,12>
<token_coma,14,30>
<id,i,14,31>
<token_coma,14,32>
<token_dosp,14,33>
<token_pyc,14,36>
<leer,15,3>
<id,dato,15,8>
<token_pyc,15,12>
<id,acum,16,3>
<token_asig,16,7>
<id,acum,16,9>
<token_mas,16,13>
<id,dato,16,14>
<token_pyc,16,18>
<finpara,17,2>
<id,prom,19,2>
<token_asig,19,6>
<id,acum,19,8>
<token_div,19,12>
<id,n,19,13>
<token_pyc,19,14>
<escribir,21,2>
<token_cadena,El promedio es: ,21,11>
<token_coma,21,29>
<id,prom,21,30>
<token_pyc,21,34>
<finproceso,23,1>
<proceso,26,1>
<id,mi_proceso,26,9>
<definir,28,5>
<id,a,28,13>
>>> Error lexico (linea: 28, posicion: 14)
