<id,algoritmoborrar,1,1>
<id,borrarcadena,2,21>
<id,cadenacaracter,3,29>
<id,caractercomo,4,24>
<id,comocon,5,20>
<id,conde,6,8>
<id,dedefinir,7,22>
<id,definirdimension,8,28>
<id,dimensionentero,9,27>
<id,enteroentonces,10,30>
<id,entoncesescribir,11,14>
<id,escribiresperar,12,23>
<id,esperarfalso,13,29>
<id,falsofinalgoritmo,14,17>
<id,finalgoritmofinfuncionotro,15,29>
<id,finfuncionotrofinmientras,16,16>
<id,finmientrasfinpara,17,10>
<id,finparafinproceso,18,23>
<id,finprocesofinsegun,19,29>
<id,finsegunfinsi,20,4>
<id,finsifinsubproceso,21,18>
<id,finsubprocesofuncion,22,15>
<id,funcionhacer,23,2>
<id,hacerhastahasta,24,4>
<id,hastahastaleer,25,18>
<id,leerlogico,26,17>
<id,logicomientras,27,19>
<id,mientrasmilisegundos,28,23>
<id,milisegundosmod,29,5>
<id,modmodo,30,22>
<id,modono,31,19>
<id,nonumerico,32,27>
<id,numericonumero,33,13>
<id,numeroo,34,9>
<id,opantalla,35,12>
<id,pantallapara,36,24>
<id,parapaso,37,16>
<id,pasoproceso,38,4>
<id,procesoreal,39,21>
<id,realrepetir,40,12>
<id,repetirsegun,41,3>
<id,segunsegundos,42,4>
<id,segundossi,43,27>
<id,sisino,44,23>
<id,sinosubproceso,45,12>
<id,subprocesotecla,46,17>
<id,teclatexto,47,8>
<id,textoverdadero,48,22>
<id,verdaderoy,49,9>
